20:01:43.957 [JavaFX Application Thread] DEBUG GameApplication      - Logger initialized
20:01:43.968 [JavaFX Application Thread] DEBUG GameApplication      - Logging settings
Title: Pong
Version: 0.5
Width: 1200
Height: 800
Fullscreen: true
Intro: false
Menus: false
Profiling: false
Single step:false
App Mode: DEVELOPER
Menu Key: ESCAPE
Stage Style: DECORATED
Scene Factory: class com.almasb.fxgl.scene.SceneFactory
Dialog Factory: class com.almasb.fxgl.ui.FXGLDialogFactory
UI Factory: class com.almasb.fxgl.ui.FXGLUIFactory
Notification Service: class com.almasb.fxgl.gameplay.notification.XboxNotificationView
Exception Handler: class com.almasb.fxgl.app.FXGLExceptionHandler
20:01:43.968 [JavaFX Application Thread] DEBUG GameApplication      - Starting FXGL
20:01:43.974 [JavaFX Application Thread] INFO  FXGL                 - FXGL-0.5.4 on DESKTOP
20:01:43.975 [JavaFX Application Thread] INFO  FXGL                 - Source code and latest versions at: https://github.com/AlmasB/FXGL
20:01:43.975 [JavaFX Application Thread] INFO  FXGL                 -              Join the FXGL chat at: https://gitter.im/AlmasB/FXGL
20:01:43.975 [JavaFX Application Thread] DEBUG FXGL                 - FXGL started
20:01:43.975 [JavaFX Application Thread] DEBUG FXGL                 - Initializing FXGL
20:01:44.016 [JavaFX Application Thread] DEBUG AssetLoader          - Loading from disk: /assets/ui/cursors/fxgl_default.png
20:01:44.056 [JavaFX Application Thread] DEBUG AssetLoader          - Loading from disk: /assets/ui/fonts/VarelaRound-Regular.ttf
20:01:44.224 [JavaFX Application Thread] DEBUG MainWindow           - Creating a JavaFX scene
20:01:44.267 [JavaFX Application Thread] DEBUG MainWindow           - Target settings size: 1200.0 x 800.0
20:01:44.267 [JavaFX Application Thread] DEBUG MainWindow           - Scaled scene size:    1200.0 x 800.0
20:01:44.267 [JavaFX Application Thread] DEBUG MainWindow           - Scaled ratio: (1.0, 1.0)
20:01:44.270 [JavaFX Application Thread] DEBUG AssetLoader          - Loading from disk: /assets/ui/css/fxgl_dark.css
20:01:44.273 [JavaFX Application Thread] DEBUG AssetLoader          - Loading from disk: /assets/textures/fxgl_icon.png
20:01:44.294 [JavaFX Application Thread] DEBUG MainWindow           - Opening main window
20:01:44.479 [JavaFX Application Thread] DEBUG MainWindow           - Window border size: (6.0, 29.0)
20:01:44.479 [JavaFX Application Thread] DEBUG MainWindow           - Scaled size: 1200.0 x 800.0
20:01:44.479 [JavaFX Application Thread] DEBUG MainWindow           - Scaled ratio: (1.0, 1.0)
20:01:44.479 [JavaFX Application Thread] DEBUG MainWindow           - Scene size: 1200.0 x 800.0
20:01:44.479 [JavaFX Application Thread] DEBUG MainWindow           - Stage size: 1206.0 x 829.0
20:01:44.507 [ForkJoinPool.commonPool-worker-9] DEBUG FS                   - Loaded DesktopFSService
20:01:44.508 [ForkJoinPool.commonPool-worker-9] DEBUG FXGL                 - Loading FXGL system data
20:01:44.513 [ForkJoinPool.commonPool-worker-9] DEBUG DesktopFSService     - Reading from: system\fxgl.bundle
20:01:44.522 [ForkJoinPool.commonPool-worker-9] DEBUG Bundle               - Logging bundle: FXGL
20:01:44.522 [ForkJoinPool.commonPool-worker-9] DEBUG Bundle               - FXGL.offline.timer.version.check=2018-11-07T14:09:51.762
20:01:44.523 [ForkJoinPool.commonPool-worker-9] DEBUG FXGL                 - Initializing state machine and application states
20:01:44.524 [ForkJoinPool.commonPool-worker-9] DEBUG AssetLoader          - Loading from disk: /assets/ui/cursors/fxgl_default.png
20:01:44.529 [ForkJoinPool.commonPool-worker-9] DEBUG AssetLoader          - Loading from disk: /assets/ui/cursors/fxgl_default.png
20:01:44.535 [ForkJoinPool.commonPool-worker-9] DEBUG AssetLoader          - Loading from cache: /assets/ui/fonts/VarelaRound-Regular.ttf
20:01:44.537 [ForkJoinPool.commonPool-worker-9] DEBUG AssetLoader          - Loading from disk: /assets/ui/cursors/fxgl_default.png
20:01:44.540 [ForkJoinPool.commonPool-worker-9] DEBUG GameScene            - Game scene initialized: 1200x800
20:01:44.544 [ForkJoinPool.commonPool-worker-9] DEBUG GameWorld            - Game world initialized
20:01:44.583 [ForkJoinPool.commonPool-worker-9] DEBUG PhysicsWorld         - Physics world initialized: appHeight=800, physics.ppm=50.0
20:01:44.601 [ForkJoinPool.commonPool-worker-9] DEBUG Input                - Registered new binding: Pause - Esc
20:01:44.634 [JavaFX Application Thread] DEBUG FXGL                 - Running preInit()
20:01:44.635 [JavaFX Application Thread] DEBUG Input                - Registered new binding: Screenshot - P
20:01:44.636 [JavaFX Application Thread] DEBUG Input                - Registered new binding: Dev Options - CTRL+0
20:01:44.636 [JavaFX Application Thread] DEBUG Input                - Registered new binding: System info dump - CTRL+9
20:01:44.636 [JavaFX Application Thread] DEBUG Input                - Registered new binding: Restart - CTRL+R
20:01:44.637 [JavaFX Application Thread] DEBUG Input                - Registered new binding: Move Up P1 - Up
20:01:44.637 [JavaFX Application Thread] DEBUG Input                - Registered new binding: Move Down P1 - Down
20:01:44.637 [JavaFX Application Thread] INFO  FXGL                 - FXGL initialization took: 0.662 sec
20:01:44.638 [JavaFX Application Thread] DEBUG LoopRunner           - Starting loop
20:01:44.639 [JavaFX Application Thread] DEBUG StartupState         - STARTUP
20:01:44.639 [JavaFX Application Thread] DEBUG GameApplication      - Starting new game
20:01:44.639 [JavaFX Application Thread] DEBUG Input                - Clearing active input actions
20:01:44.640 [JavaFX Application Thread] DEBUG AssetLoader          - Loading from disk: /assets/ui/css/fxgl_dark.css
20:01:44.646 [JavaFX Application Thread] DEBUG AppStateMachine      - StartupState -> LoadingState
20:01:44.651 [FXGL Background Thread 1 ] DEBUG InitAppTask          - Clearing previous game
20:01:44.651 [FXGL Background Thread 1 ] DEBUG GameWorld            - Clearing game world
20:01:44.652 [FXGL Background Thread 1 ] DEBUG PhysicsWorld         - Clearing physics world
20:01:44.652 [FXGL Background Thread 1 ] DEBUG GameScene            - Clearing game scene
20:01:44.653 [FXGL Background Thread 1 ] DEBUG InitAppTask          - Initializing Game
20:01:44.681 [FXGL Background Thread 1 ] DEBUG GameScene            - Creating render group for layer: DEFAULT(100000)
20:01:44.688 [FXGL Background Thread 1 ] DEBUG InitAppTask          - Initializing Physics
20:01:44.689 [FXGL Background Thread 1 ] DEBUG InitAppTask          - Initializing UI
20:01:44.690 [FXGL Background Thread 1 ] DEBUG InitAppTask          - Initialization Complete
20:01:44.691 [FXGL Background Thread 1 ] INFO  InitAppTask          - Game initialization took: 0.039 sec
20:01:44.700 [JavaFX Application Thread] DEBUG Input                - Clearing active input actions
20:01:44.701 [JavaFX Application Thread] DEBUG AssetLoader          - Loading from disk: /assets/ui/css/fxgl_dark.css
20:01:44.708 [JavaFX Application Thread] DEBUG AppStateMachine      - LoadingState -> PlayState
20:01:44.844 [JavaFX Application Thread] DEBUG Input                - Registered new binding: Resume - Esc
20:01:44.844 [JavaFX Application Thread] DEBUG AssetLoader          - Loading from disk: /assets/textures/pause_menu_bg.png
20:01:44.862 [JavaFX Application Thread] DEBUG AssetLoader          - Loading from disk: /assets/properties/languages/english.properties
20:01:44.864 [JavaFX Application Thread] DEBUG AssetLoader          - Loading from cache: /assets/ui/fonts/VarelaRound-Regular.ttf
20:01:44.867 [JavaFX Application Thread] DEBUG AssetLoader          - Loading from cache: /assets/properties/languages/english.properties
20:01:44.867 [JavaFX Application Thread] DEBUG AssetLoader          - Loading from cache: /assets/ui/fonts/VarelaRound-Regular.ttf
20:01:44.877 [JavaFX Application Thread] DEBUG AppStateMachine      - Push state: PauseMenuSubState
20:01:44.877 [JavaFX Application Thread] DEBUG Input                - Clearing active input actions
20:01:44.877 [JavaFX Application Thread] DEBUG AppStateMachine      - PlayState -> PauseMenuSubState
20:01:46.198 [JavaFX Application Thread] DEBUG AssetLoader          - Loading from cache: /assets/sounds/menu/select.wav
20:01:46.938 [JavaFX Application Thread] DEBUG AssetLoader          - Loading from cache: /assets/sounds/menu/select.wav
20:01:48.954 [JavaFX Application Thread] DEBUG AssetLoader          - Loading from cache: /assets/sounds/menu/select.wav
20:01:50.186 [JavaFX Application Thread] DEBUG FXGL                 - Exiting FXGL
20:01:50.186 [JavaFX Application Thread] DEBUG FXGL                 - Shutting down background threads
20:01:50.187 [JavaFX Application Thread] DEBUG FXGL                 - Saving FXGL system data
20:01:50.189 [JavaFX Application Thread] DEBUG DesktopFSService     - Writing to: system\fxgl.bundle
20:01:50.193 [JavaFX Application Thread] DEBUG FXGL                 - Closing logger and exiting JavaFX
