14:09:50.531 [JavaFX Application Thread] DEBUG GameApplication      - Logger initialized
14:09:50.542 [JavaFX Application Thread] DEBUG GameApplication      - Logging settings
Title: Pong
Version: 0.3
Width: 1200
Height: 800
Fullscreen: true
Intro: false
Menus: false
Profiling: false
Single step:false
App Mode: DEVELOPER
Menu Key: ESCAPE
Stage Style: DECORATED
Scene Factory: class com.almasb.fxgl.scene.SceneFactory
Dialog Factory: class com.almasb.fxgl.ui.FXGLDialogFactory
UI Factory: class com.almasb.fxgl.ui.FXGLUIFactory
Notification Service: class com.almasb.fxgl.gameplay.notification.XboxNotificationView
Exception Handler: class com.almasb.fxgl.app.FXGLExceptionHandler
14:09:50.542 [JavaFX Application Thread] DEBUG GameApplication      - Starting FXGL
14:09:50.548 [JavaFX Application Thread] INFO  FXGL                 - FXGL-0.5.4 on DESKTOP
14:09:50.549 [JavaFX Application Thread] INFO  FXGL                 - Source code and latest versions at: https://github.com/AlmasB/FXGL
14:09:50.549 [JavaFX Application Thread] INFO  FXGL                 -              Join the FXGL chat at: https://gitter.im/AlmasB/FXGL
14:09:50.549 [JavaFX Application Thread] DEBUG FXGL                 - FXGL started
14:09:50.549 [JavaFX Application Thread] DEBUG FXGL                 - Initializing FXGL
14:09:50.590 [JavaFX Application Thread] DEBUG AssetLoader          - Loading from disk: /assets/ui/cursors/fxgl_default.png
14:09:50.632 [JavaFX Application Thread] DEBUG AssetLoader          - Loading from disk: /assets/ui/fonts/VarelaRound-Regular.ttf
14:09:50.726 [JavaFX Application Thread] DEBUG MainWindow           - Creating a JavaFX scene
14:09:50.761 [JavaFX Application Thread] DEBUG MainWindow           - Target settings size: 1200.0 x 800.0
14:09:50.761 [JavaFX Application Thread] DEBUG MainWindow           - Scaled scene size:    1200.0 x 800.0
14:09:50.762 [JavaFX Application Thread] DEBUG MainWindow           - Scaled ratio: (1.0, 1.0)
14:09:50.764 [JavaFX Application Thread] DEBUG AssetLoader          - Loading from disk: /assets/ui/css/fxgl_dark.css
14:09:50.768 [JavaFX Application Thread] DEBUG AssetLoader          - Loading from disk: /assets/textures/fxgl_icon.png
14:09:50.789 [JavaFX Application Thread] DEBUG MainWindow           - Opening main window
14:09:50.993 [JavaFX Application Thread] DEBUG MainWindow           - Window border size: (6.0, 29.0)
14:09:50.994 [JavaFX Application Thread] DEBUG MainWindow           - Scaled size: 1200.0 x 800.0
14:09:50.994 [JavaFX Application Thread] DEBUG MainWindow           - Scaled ratio: (1.0, 1.0)
14:09:50.994 [JavaFX Application Thread] DEBUG MainWindow           - Scene size: 1200.0 x 800.0
14:09:50.994 [JavaFX Application Thread] DEBUG MainWindow           - Stage size: 1206.0 x 829.0
14:09:51.028 [ForkJoinPool.commonPool-worker-9] DEBUG FS                   - Loaded DesktopFSService
14:09:51.034 [ForkJoinPool.commonPool-worker-9] DEBUG FXGL                 - Loading default FXGL system data
14:09:51.037 [ForkJoinPool.commonPool-worker-9] DEBUG FXGL                 - Initializing state machine and application states
14:09:51.039 [ForkJoinPool.commonPool-worker-9] DEBUG AssetLoader          - Loading from disk: /assets/ui/cursors/fxgl_default.png
14:09:51.039 [ForkJoinPool.commonPool-worker-2] DEBUG UpdaterTask          - Checking for updates
14:09:51.050 [ForkJoinPool.commonPool-worker-9] DEBUG AssetLoader          - Loading from disk: /assets/ui/cursors/fxgl_default.png
14:09:51.059 [ForkJoinPool.commonPool-worker-9] DEBUG AssetLoader          - Loading from cache: /assets/ui/fonts/VarelaRound-Regular.ttf
14:09:51.063 [ForkJoinPool.commonPool-worker-9] DEBUG AssetLoader          - Loading from disk: /assets/ui/cursors/fxgl_default.png
14:09:51.067 [ForkJoinPool.commonPool-worker-9] DEBUG GameScene            - Game scene initialized: 1200x800
14:09:51.075 [ForkJoinPool.commonPool-worker-9] DEBUG GameWorld            - Game world initialized
14:09:51.141 [ForkJoinPool.commonPool-worker-9] DEBUG PhysicsWorld         - Physics world initialized: appHeight=800, physics.ppm=50.0
14:09:51.158 [ForkJoinPool.commonPool-worker-9] DEBUG Input                - Registered new binding: Pause - Esc
14:09:51.217 [JavaFX Application Thread] DEBUG FXGL                 - Running preInit()
14:09:51.219 [JavaFX Application Thread] DEBUG Input                - Registered new binding: Screenshot - P
14:09:51.219 [JavaFX Application Thread] DEBUG Input                - Registered new binding: Dev Options - CTRL+0
14:09:51.220 [JavaFX Application Thread] DEBUG Input                - Registered new binding: System info dump - CTRL+9
14:09:51.220 [JavaFX Application Thread] DEBUG Input                - Registered new binding: Restart - CTRL+R
14:09:51.220 [JavaFX Application Thread] DEBUG Input                - Registered new binding: Move Up - Up
14:09:51.221 [JavaFX Application Thread] DEBUG Input                - Registered new binding: Move Down - Down
14:09:51.221 [JavaFX Application Thread] INFO  FXGL                 - FXGL initialization took: 0.671 sec
14:09:51.221 [JavaFX Application Thread] DEBUG LoopRunner           - Starting loop
14:09:51.223 [JavaFX Application Thread] DEBUG StartupState         - STARTUP
14:09:51.223 [JavaFX Application Thread] DEBUG GameApplication      - Starting new game
14:09:51.223 [JavaFX Application Thread] DEBUG Input                - Clearing active input actions
14:09:51.224 [JavaFX Application Thread] DEBUG AssetLoader          - Loading from disk: /assets/ui/css/fxgl_dark.css
14:09:51.233 [JavaFX Application Thread] DEBUG AppStateMachine      - StartupState -> LoadingState
14:09:51.281 [FXGL Background Thread 1 ] DEBUG InitAppTask          - Clearing previous game
14:09:51.282 [FXGL Background Thread 1 ] DEBUG GameWorld            - Clearing game world
14:09:51.282 [FXGL Background Thread 1 ] DEBUG PhysicsWorld         - Clearing physics world
14:09:51.282 [FXGL Background Thread 1 ] DEBUG GameScene            - Clearing game scene
14:09:51.284 [FXGL Background Thread 1 ] DEBUG InitAppTask          - Initializing Game
14:09:51.325 [FXGL Background Thread 1 ] DEBUG GameScene            - Creating render group for layer: DEFAULT(100000)
14:09:51.336 [FXGL Background Thread 1 ] DEBUG InitAppTask          - Initializing Physics
14:09:51.337 [FXGL Background Thread 1 ] DEBUG InitAppTask          - Initializing UI
14:09:51.339 [FXGL Background Thread 1 ] DEBUG InitAppTask          - Initialization Complete
14:09:51.340 [FXGL Background Thread 1 ] INFO  InitAppTask          - Game initialization took: 0.058 sec
14:09:51.351 [JavaFX Application Thread] DEBUG Input                - Clearing active input actions
14:09:51.352 [JavaFX Application Thread] DEBUG AssetLoader          - Loading from disk: /assets/ui/css/fxgl_dark.css
14:09:51.360 [JavaFX Application Thread] DEBUG AppStateMachine      - LoadingState -> PlayState
14:10:10.833 [JavaFX Application Thread] DEBUG FXGL                 - Exiting FXGL
14:10:10.833 [JavaFX Application Thread] DEBUG FXGL                 - Shutting down background threads
14:10:10.833 [JavaFX Application Thread] DEBUG FXGL                 - Saving FXGL system data
14:10:10.835 [JavaFX Application Thread] DEBUG DesktopFSService     - Writing to: system\fxgl.bundle
14:10:10.846 [JavaFX Application Thread] DEBUG FXGL                 - Closing logger and exiting JavaFX
