19:53:17.312 [JavaFX Application Thread] DEBUG GameApplication      - Logger initialized
19:53:17.323 [JavaFX Application Thread] DEBUG GameApplication      - Logging settings
Title: Pong
Version: 0.5
Width: 1200
Height: 800
Fullscreen: true
Intro: false
Menus: false
Profiling: false
Single step:false
App Mode: DEVELOPER
Menu Key: ESCAPE
Stage Style: DECORATED
Scene Factory: class com.almasb.fxgl.scene.SceneFactory
Dialog Factory: class com.almasb.fxgl.ui.FXGLDialogFactory
UI Factory: class com.almasb.fxgl.ui.FXGLUIFactory
Notification Service: class com.almasb.fxgl.gameplay.notification.XboxNotificationView
Exception Handler: class com.almasb.fxgl.app.FXGLExceptionHandler
19:53:17.323 [JavaFX Application Thread] DEBUG GameApplication      - Starting FXGL
19:53:17.329 [JavaFX Application Thread] INFO  FXGL                 - FXGL-0.5.4 on DESKTOP
19:53:17.330 [JavaFX Application Thread] INFO  FXGL                 - Source code and latest versions at: https://github.com/AlmasB/FXGL
19:53:17.330 [JavaFX Application Thread] INFO  FXGL                 -              Join the FXGL chat at: https://gitter.im/AlmasB/FXGL
19:53:17.330 [JavaFX Application Thread] DEBUG FXGL                 - FXGL started
19:53:17.330 [JavaFX Application Thread] DEBUG FXGL                 - Initializing FXGL
19:53:17.371 [JavaFX Application Thread] DEBUG AssetLoader          - Loading from disk: /assets/ui/cursors/fxgl_default.png
19:53:17.412 [JavaFX Application Thread] DEBUG AssetLoader          - Loading from disk: /assets/ui/fonts/VarelaRound-Regular.ttf
19:53:17.580 [JavaFX Application Thread] DEBUG MainWindow           - Creating a JavaFX scene
19:53:17.630 [JavaFX Application Thread] DEBUG MainWindow           - Target settings size: 1200.0 x 800.0
19:53:17.630 [JavaFX Application Thread] DEBUG MainWindow           - Scaled scene size:    1200.0 x 800.0
19:53:17.631 [JavaFX Application Thread] DEBUG MainWindow           - Scaled ratio: (1.0, 1.0)
19:53:17.633 [JavaFX Application Thread] DEBUG AssetLoader          - Loading from disk: /assets/ui/css/fxgl_dark.css
19:53:17.637 [JavaFX Application Thread] DEBUG AssetLoader          - Loading from disk: /assets/textures/fxgl_icon.png
19:53:17.659 [JavaFX Application Thread] DEBUG MainWindow           - Opening main window
19:53:17.828 [JavaFX Application Thread] DEBUG MainWindow           - Window border size: (6.0, 29.0)
19:53:17.828 [JavaFX Application Thread] DEBUG MainWindow           - Scaled size: 1200.0 x 800.0
19:53:17.828 [JavaFX Application Thread] DEBUG MainWindow           - Scaled ratio: (1.0, 1.0)
19:53:17.828 [JavaFX Application Thread] DEBUG MainWindow           - Scene size: 1200.0 x 800.0
19:53:17.828 [JavaFX Application Thread] DEBUG MainWindow           - Stage size: 1206.0 x 829.0
19:53:17.858 [ForkJoinPool.commonPool-worker-9] DEBUG FS                   - Loaded DesktopFSService
19:53:17.858 [ForkJoinPool.commonPool-worker-9] DEBUG FXGL                 - Loading FXGL system data
19:53:17.863 [ForkJoinPool.commonPool-worker-9] DEBUG DesktopFSService     - Reading from: system\fxgl.bundle
19:53:17.871 [ForkJoinPool.commonPool-worker-9] DEBUG Bundle               - Logging bundle: FXGL
19:53:17.871 [ForkJoinPool.commonPool-worker-9] DEBUG Bundle               - FXGL.offline.timer.version.check=2018-11-07T14:09:51.762
19:53:17.873 [ForkJoinPool.commonPool-worker-9] DEBUG FXGL                 - Initializing state machine and application states
19:53:17.874 [ForkJoinPool.commonPool-worker-9] DEBUG AssetLoader          - Loading from disk: /assets/ui/cursors/fxgl_default.png
19:53:17.878 [ForkJoinPool.commonPool-worker-9] DEBUG AssetLoader          - Loading from disk: /assets/ui/cursors/fxgl_default.png
19:53:17.883 [ForkJoinPool.commonPool-worker-9] DEBUG AssetLoader          - Loading from cache: /assets/ui/fonts/VarelaRound-Regular.ttf
19:53:17.886 [ForkJoinPool.commonPool-worker-9] DEBUG AssetLoader          - Loading from disk: /assets/ui/cursors/fxgl_default.png
19:53:17.888 [ForkJoinPool.commonPool-worker-9] DEBUG GameScene            - Game scene initialized: 1200x800
19:53:17.892 [ForkJoinPool.commonPool-worker-9] DEBUG GameWorld            - Game world initialized
19:53:17.931 [ForkJoinPool.commonPool-worker-9] DEBUG PhysicsWorld         - Physics world initialized: appHeight=800, physics.ppm=50.0
19:53:17.949 [ForkJoinPool.commonPool-worker-9] DEBUG Input                - Registered new binding: Pause - Esc
19:53:17.983 [JavaFX Application Thread] DEBUG FXGL                 - Running preInit()
19:53:17.984 [JavaFX Application Thread] DEBUG Input                - Registered new binding: Screenshot - P
19:53:17.984 [JavaFX Application Thread] DEBUG Input                - Registered new binding: Dev Options - CTRL+0
19:53:17.985 [JavaFX Application Thread] DEBUG Input                - Registered new binding: System info dump - CTRL+9
19:53:17.985 [JavaFX Application Thread] DEBUG Input                - Registered new binding: Restart - CTRL+R
19:53:17.985 [JavaFX Application Thread] DEBUG Input                - Registered new binding: Move Up P1 - Up
19:53:17.985 [JavaFX Application Thread] DEBUG Input                - Registered new binding: Move Down P1 - Down
19:53:17.986 [JavaFX Application Thread] INFO  FXGL                 - FXGL initialization took: 0.656 sec
19:53:17.986 [JavaFX Application Thread] DEBUG LoopRunner           - Starting loop
19:53:17.987 [JavaFX Application Thread] DEBUG StartupState         - STARTUP
19:53:17.988 [JavaFX Application Thread] DEBUG GameApplication      - Starting new game
19:53:17.988 [JavaFX Application Thread] DEBUG Input                - Clearing active input actions
19:53:17.989 [JavaFX Application Thread] DEBUG AssetLoader          - Loading from disk: /assets/ui/css/fxgl_dark.css
19:53:17.995 [JavaFX Application Thread] DEBUG AppStateMachine      - StartupState -> LoadingState
19:53:17.999 [FXGL Background Thread 1 ] DEBUG InitAppTask          - Clearing previous game
19:53:17.999 [FXGL Background Thread 1 ] DEBUG GameWorld            - Clearing game world
19:53:17.999 [FXGL Background Thread 1 ] DEBUG PhysicsWorld         - Clearing physics world
19:53:18.000 [FXGL Background Thread 1 ] DEBUG GameScene            - Clearing game scene
19:53:18.001 [FXGL Background Thread 1 ] DEBUG InitAppTask          - Initializing Game
19:53:18.029 [FXGL Background Thread 1 ] DEBUG GameScene            - Creating render group for layer: DEFAULT(100000)
19:53:18.038 [FXGL Background Thread 1 ] DEBUG InitAppTask          - Initializing Physics
19:53:18.039 [FXGL Background Thread 1 ] DEBUG InitAppTask          - Initializing UI
19:53:18.040 [FXGL Background Thread 1 ] DEBUG InitAppTask          - Initialization Complete
19:53:18.040 [FXGL Background Thread 1 ] INFO  InitAppTask          - Game initialization took: 0.041 sec
19:53:18.048 [JavaFX Application Thread] DEBUG Input                - Clearing active input actions
19:53:18.048 [JavaFX Application Thread] DEBUG AssetLoader          - Loading from disk: /assets/ui/css/fxgl_dark.css
19:53:18.055 [JavaFX Application Thread] DEBUG AppStateMachine      - LoadingState -> PlayState
19:53:27.548 [JavaFX Application Thread] DEBUG FXGL                 - Exiting FXGL
19:53:27.549 [JavaFX Application Thread] DEBUG FXGL                 - Shutting down background threads
19:53:27.549 [JavaFX Application Thread] DEBUG FXGL                 - Saving FXGL system data
19:53:27.552 [JavaFX Application Thread] DEBUG DesktopFSService     - Writing to: system\fxgl.bundle
19:53:27.555 [JavaFX Application Thread] DEBUG FXGL                 - Closing logger and exiting JavaFX
