18:53:42.309 [JavaFX Application Thread] DEBUG GameApplication      - Logger initialized
18:53:42.319 [JavaFX Application Thread] DEBUG GameApplication      - Logging settings
Title: Pong
Version: 0.4
Width: 1200
Height: 800
Fullscreen: true
Intro: false
Menus: false
Profiling: false
Single step:false
App Mode: DEVELOPER
Menu Key: ESCAPE
Stage Style: DECORATED
Scene Factory: class com.almasb.fxgl.scene.SceneFactory
Dialog Factory: class com.almasb.fxgl.ui.FXGLDialogFactory
UI Factory: class com.almasb.fxgl.ui.FXGLUIFactory
Notification Service: class com.almasb.fxgl.gameplay.notification.XboxNotificationView
Exception Handler: class com.almasb.fxgl.app.FXGLExceptionHandler
18:53:42.320 [JavaFX Application Thread] DEBUG GameApplication      - Starting FXGL
18:53:42.325 [JavaFX Application Thread] INFO  FXGL                 - FXGL-0.5.4 on DESKTOP
18:53:42.326 [JavaFX Application Thread] INFO  FXGL                 - Source code and latest versions at: https://github.com/AlmasB/FXGL
18:53:42.326 [JavaFX Application Thread] INFO  FXGL                 -              Join the FXGL chat at: https://gitter.im/AlmasB/FXGL
18:53:42.326 [JavaFX Application Thread] DEBUG FXGL                 - FXGL started
18:53:42.326 [JavaFX Application Thread] DEBUG FXGL                 - Initializing FXGL
18:53:42.367 [JavaFX Application Thread] DEBUG AssetLoader          - Loading from disk: /assets/ui/cursors/fxgl_default.png
18:53:42.408 [JavaFX Application Thread] DEBUG AssetLoader          - Loading from disk: /assets/ui/fonts/VarelaRound-Regular.ttf
18:53:42.515 [JavaFX Application Thread] DEBUG MainWindow           - Creating a JavaFX scene
18:53:42.549 [JavaFX Application Thread] DEBUG MainWindow           - Target settings size: 1200.0 x 800.0
18:53:42.549 [JavaFX Application Thread] DEBUG MainWindow           - Scaled scene size:    1200.0 x 800.0
18:53:42.549 [JavaFX Application Thread] DEBUG MainWindow           - Scaled ratio: (1.0, 1.0)
18:53:42.552 [JavaFX Application Thread] DEBUG AssetLoader          - Loading from disk: /assets/ui/css/fxgl_dark.css
18:53:42.555 [JavaFX Application Thread] DEBUG AssetLoader          - Loading from disk: /assets/textures/fxgl_icon.png
18:53:42.577 [JavaFX Application Thread] DEBUG MainWindow           - Opening main window
18:53:42.743 [JavaFX Application Thread] DEBUG MainWindow           - Window border size: (6.0, 29.0)
18:53:42.744 [JavaFX Application Thread] DEBUG MainWindow           - Scaled size: 1200.0 x 800.0
18:53:42.744 [JavaFX Application Thread] DEBUG MainWindow           - Scaled ratio: (1.0, 1.0)
18:53:42.744 [JavaFX Application Thread] DEBUG MainWindow           - Scene size: 1200.0 x 800.0
18:53:42.744 [JavaFX Application Thread] DEBUG MainWindow           - Stage size: 1206.0 x 829.0
18:53:42.773 [ForkJoinPool.commonPool-worker-9] DEBUG FS                   - Loaded DesktopFSService
18:53:42.773 [ForkJoinPool.commonPool-worker-9] DEBUG FXGL                 - Loading FXGL system data
18:53:42.778 [ForkJoinPool.commonPool-worker-9] DEBUG DesktopFSService     - Reading from: system\fxgl.bundle
18:53:42.789 [ForkJoinPool.commonPool-worker-9] DEBUG Bundle               - Logging bundle: FXGL
18:53:42.791 [ForkJoinPool.commonPool-worker-9] DEBUG Bundle               - FXGL.offline.timer.version.check=2018-11-07T14:09:51.762
18:53:42.791 [ForkJoinPool.commonPool-worker-9] DEBUG FXGL                 - Initializing state machine and application states
18:53:42.794 [ForkJoinPool.commonPool-worker-9] DEBUG AssetLoader          - Loading from disk: /assets/ui/cursors/fxgl_default.png
18:53:42.798 [ForkJoinPool.commonPool-worker-9] DEBUG AssetLoader          - Loading from disk: /assets/ui/cursors/fxgl_default.png
18:53:42.804 [ForkJoinPool.commonPool-worker-9] DEBUG AssetLoader          - Loading from cache: /assets/ui/fonts/VarelaRound-Regular.ttf
18:53:42.806 [ForkJoinPool.commonPool-worker-9] DEBUG AssetLoader          - Loading from disk: /assets/ui/cursors/fxgl_default.png
18:53:42.809 [ForkJoinPool.commonPool-worker-9] DEBUG GameScene            - Game scene initialized: 1200x800
18:53:42.814 [ForkJoinPool.commonPool-worker-9] DEBUG GameWorld            - Game world initialized
18:53:42.862 [ForkJoinPool.commonPool-worker-9] DEBUG PhysicsWorld         - Physics world initialized: appHeight=800, physics.ppm=50.0
18:53:42.881 [ForkJoinPool.commonPool-worker-9] DEBUG Input                - Registered new binding: Pause - Esc
18:53:42.923 [JavaFX Application Thread] DEBUG FXGL                 - Running preInit()
18:53:42.924 [JavaFX Application Thread] DEBUG Input                - Registered new binding: Screenshot - P
18:53:42.924 [JavaFX Application Thread] DEBUG Input                - Registered new binding: Dev Options - CTRL+0
18:53:42.925 [JavaFX Application Thread] DEBUG Input                - Registered new binding: System info dump - CTRL+9
18:53:42.925 [JavaFX Application Thread] DEBUG Input                - Registered new binding: Restart - CTRL+R
18:53:42.925 [JavaFX Application Thread] DEBUG Input                - Registered new binding: Move Up - Up
18:53:42.925 [JavaFX Application Thread] DEBUG Input                - Registered new binding: Move Down - Down
18:53:42.926 [JavaFX Application Thread] INFO  FXGL                 - FXGL initialization took: 0.600 sec
18:53:42.926 [JavaFX Application Thread] DEBUG LoopRunner           - Starting loop
18:53:42.928 [JavaFX Application Thread] DEBUG StartupState         - STARTUP
18:53:42.929 [JavaFX Application Thread] DEBUG GameApplication      - Starting new game
18:53:42.929 [JavaFX Application Thread] DEBUG Input                - Clearing active input actions
18:53:42.930 [JavaFX Application Thread] DEBUG AssetLoader          - Loading from disk: /assets/ui/css/fxgl_dark.css
18:53:42.936 [JavaFX Application Thread] DEBUG AppStateMachine      - StartupState -> LoadingState
18:53:42.941 [FXGL Background Thread 1 ] DEBUG InitAppTask          - Clearing previous game
18:53:42.941 [FXGL Background Thread 1 ] DEBUG GameWorld            - Clearing game world
18:53:42.941 [FXGL Background Thread 1 ] DEBUG PhysicsWorld         - Clearing physics world
18:53:42.941 [FXGL Background Thread 1 ] DEBUG GameScene            - Clearing game scene
18:53:42.943 [FXGL Background Thread 1 ] DEBUG InitAppTask          - Initializing Game
18:53:42.973 [FXGL Background Thread 1 ] DEBUG GameScene            - Creating render group for layer: DEFAULT(100000)
18:53:42.981 [FXGL Background Thread 1 ] DEBUG InitAppTask          - Initializing Physics
18:53:42.981 [FXGL Background Thread 1 ] DEBUG InitAppTask          - Initializing UI
18:53:42.983 [FXGL Background Thread 1 ] DEBUG InitAppTask          - Initialization Complete
18:53:42.983 [FXGL Background Thread 1 ] INFO  InitAppTask          - Game initialization took: 0.043 sec
18:53:42.992 [JavaFX Application Thread] DEBUG Input                - Clearing active input actions
18:53:42.993 [JavaFX Application Thread] DEBUG AssetLoader          - Loading from disk: /assets/ui/css/fxgl_dark.css
18:53:42.999 [JavaFX Application Thread] DEBUG AppStateMachine      - LoadingState -> PlayState
18:53:46.626 [JavaFX Application Thread] DEBUG FXGL                 - Exiting FXGL
18:53:46.626 [JavaFX Application Thread] DEBUG FXGL                 - Shutting down background threads
18:53:46.627 [JavaFX Application Thread] DEBUG FXGL                 - Saving FXGL system data
18:53:46.629 [JavaFX Application Thread] DEBUG DesktopFSService     - Writing to: system\fxgl.bundle
18:53:46.633 [JavaFX Application Thread] DEBUG FXGL                 - Closing logger and exiting JavaFX
