19:37:33.515 [JavaFX Application Thread] DEBUG GameApplication      - Logger initialized
19:37:33.534 [JavaFX Application Thread] DEBUG GameApplication      - Logging settings
Title: Pong
Version: 0.4
Width: 1200
Height: 800
Fullscreen: true
Intro: false
Menus: false
Profiling: false
Single step:false
App Mode: DEVELOPER
Menu Key: ESCAPE
Stage Style: DECORATED
Scene Factory: class com.almasb.fxgl.scene.SceneFactory
Dialog Factory: class com.almasb.fxgl.ui.FXGLDialogFactory
UI Factory: class com.almasb.fxgl.ui.FXGLUIFactory
Notification Service: class com.almasb.fxgl.gameplay.notification.XboxNotificationView
Exception Handler: class com.almasb.fxgl.app.FXGLExceptionHandler
19:37:33.535 [JavaFX Application Thread] DEBUG GameApplication      - Starting FXGL
19:37:33.542 [JavaFX Application Thread] INFO  FXGL                 - FXGL-0.5.4 on DESKTOP
19:37:33.543 [JavaFX Application Thread] INFO  FXGL                 - Source code and latest versions at: https://github.com/AlmasB/FXGL
19:37:33.543 [JavaFX Application Thread] INFO  FXGL                 -              Join the FXGL chat at: https://gitter.im/AlmasB/FXGL
19:37:33.543 [JavaFX Application Thread] DEBUG FXGL                 - FXGL started
19:37:33.543 [JavaFX Application Thread] DEBUG FXGL                 - Initializing FXGL
19:37:33.583 [JavaFX Application Thread] DEBUG AssetLoader          - Loading from disk: /assets/ui/cursors/fxgl_default.png
19:37:33.657 [JavaFX Application Thread] DEBUG AssetLoader          - Loading from disk: /assets/ui/fonts/VarelaRound-Regular.ttf
19:37:33.802 [JavaFX Application Thread] DEBUG MainWindow           - Creating a JavaFX scene
19:37:33.837 [JavaFX Application Thread] DEBUG MainWindow           - Target settings size: 1200.0 x 800.0
19:37:33.837 [JavaFX Application Thread] DEBUG MainWindow           - Scaled scene size:    1200.0 x 800.0
19:37:33.837 [JavaFX Application Thread] DEBUG MainWindow           - Scaled ratio: (1.0, 1.0)
19:37:33.840 [JavaFX Application Thread] DEBUG AssetLoader          - Loading from disk: /assets/ui/css/fxgl_dark.css
19:37:33.843 [JavaFX Application Thread] DEBUG AssetLoader          - Loading from disk: /assets/textures/fxgl_icon.png
19:37:33.865 [JavaFX Application Thread] DEBUG MainWindow           - Opening main window
19:37:34.058 [JavaFX Application Thread] DEBUG MainWindow           - Window border size: (6.0, 29.0)
19:37:34.058 [JavaFX Application Thread] DEBUG MainWindow           - Scaled size: 1200.0 x 800.0
19:37:34.058 [JavaFX Application Thread] DEBUG MainWindow           - Scaled ratio: (1.0, 1.0)
19:37:34.059 [JavaFX Application Thread] DEBUG MainWindow           - Scene size: 1200.0 x 800.0
19:37:34.059 [JavaFX Application Thread] DEBUG MainWindow           - Stage size: 1206.0 x 829.0
19:37:34.088 [ForkJoinPool.commonPool-worker-9] DEBUG FS                   - Loaded DesktopFSService
19:37:34.089 [ForkJoinPool.commonPool-worker-9] DEBUG FXGL                 - Loading FXGL system data
19:37:34.097 [ForkJoinPool.commonPool-worker-9] DEBUG DesktopFSService     - Reading from: system\fxgl.bundle
19:37:34.105 [ForkJoinPool.commonPool-worker-9] DEBUG Bundle               - Logging bundle: FXGL
19:37:34.105 [ForkJoinPool.commonPool-worker-9] DEBUG Bundle               - FXGL.offline.timer.version.check=2018-11-07T14:09:51.762
19:37:34.106 [ForkJoinPool.commonPool-worker-9] DEBUG FXGL                 - Initializing state machine and application states
19:37:34.107 [ForkJoinPool.commonPool-worker-9] DEBUG AssetLoader          - Loading from disk: /assets/ui/cursors/fxgl_default.png
19:37:34.112 [ForkJoinPool.commonPool-worker-9] DEBUG AssetLoader          - Loading from disk: /assets/ui/cursors/fxgl_default.png
19:37:34.123 [ForkJoinPool.commonPool-worker-9] DEBUG AssetLoader          - Loading from cache: /assets/ui/fonts/VarelaRound-Regular.ttf
19:37:34.127 [ForkJoinPool.commonPool-worker-9] DEBUG AssetLoader          - Loading from disk: /assets/ui/cursors/fxgl_default.png
19:37:34.130 [ForkJoinPool.commonPool-worker-9] DEBUG GameScene            - Game scene initialized: 1200x800
19:37:34.138 [ForkJoinPool.commonPool-worker-9] DEBUG GameWorld            - Game world initialized
19:37:34.193 [ForkJoinPool.commonPool-worker-9] DEBUG PhysicsWorld         - Physics world initialized: appHeight=800, physics.ppm=50.0
19:37:34.212 [ForkJoinPool.commonPool-worker-9] DEBUG Input                - Registered new binding: Pause - Esc
19:37:34.258 [JavaFX Application Thread] DEBUG FXGL                 - Running preInit()
19:37:34.260 [JavaFX Application Thread] DEBUG Input                - Registered new binding: Screenshot - P
19:37:34.261 [JavaFX Application Thread] DEBUG Input                - Registered new binding: Dev Options - CTRL+0
19:37:34.261 [JavaFX Application Thread] DEBUG Input                - Registered new binding: System info dump - CTRL+9
19:37:34.261 [JavaFX Application Thread] DEBUG Input                - Registered new binding: Restart - CTRL+R
19:37:34.261 [JavaFX Application Thread] DEBUG Input                - Registered new binding: Move Up - Up
19:37:34.262 [JavaFX Application Thread] DEBUG Input                - Registered new binding: Move Down - Down
19:37:34.262 [JavaFX Application Thread] FATAL FXGL                 - Uncaught Exception:

Fatal exception occurred: java.lang.IllegalArgumentException : Action with name "Move Up" already exists
E: com.almasb.fxgl.input.Input.addBinding(Input.kt:306)
E: com.almasb.fxgl.input.Input.addAction(Input.kt:295)
E: com.almasb.fxgl.input.Input.addAction$default(Input.kt:292)
E: com.almasb.fxgl.input.Input.addAction(Input.kt)
E: Jake.Pong.Game.PongGame.App.initInput(App.java:131)
E: com.almasb.fxgl.app.FXGL.runPreInit(FXGL.kt:327)
E: com.almasb.fxgl.app.FXGL.access$runPreInit(FXGL.kt:54)
E: com.almasb.fxgl.app.FXGL$initLoopStartSequence$1$1.run(FXGL.kt:160)
E: com.almasb.fxgl.core.concurrent.Async.lambda$startFX$1(Async.java:61)
E: com.almasb.fxgl.core.concurrent.FXCoroutine$1.run(FXCoroutine.kt:34)
E: com.sun.javafx.application.PlatformImpl.lambda$null$172(PlatformImpl.java:295)
E: java.security.AccessController.doPrivileged(Native Method)
E: com.sun.javafx.application.PlatformImpl.lambda$runLater$173(PlatformImpl.java:294)
E: com.sun.glass.ui.InvokeLaterDispatcher$Future.run(InvokeLaterDispatcher.java:95)
E: com.sun.glass.ui.win.WinApplication._runLoop(Native Method)
E: com.sun.glass.ui.win.WinApplication.lambda$null$147(WinApplication.java:177)
E: java.lang.Thread.run(Unknown Source)

19:37:34.262 [JavaFX Application Thread] FATAL FXGL                 - Application will now exit
19:37:34.262 [JavaFX Application Thread] DEBUG LoopRunner           - Stopping loop
