19:45:59.355 [JavaFX Application Thread] DEBUG GameApplication      - Logger initialized
19:45:59.369 [JavaFX Application Thread] DEBUG GameApplication      - Logging settings
Title: Pong
Version: 0.4
Width: 1200
Height: 800
Fullscreen: true
Intro: false
Menus: false
Profiling: false
Single step:false
App Mode: DEVELOPER
Menu Key: ESCAPE
Stage Style: DECORATED
Scene Factory: class com.almasb.fxgl.scene.SceneFactory
Dialog Factory: class com.almasb.fxgl.ui.FXGLDialogFactory
UI Factory: class com.almasb.fxgl.ui.FXGLUIFactory
Notification Service: class com.almasb.fxgl.gameplay.notification.XboxNotificationView
Exception Handler: class com.almasb.fxgl.app.FXGLExceptionHandler
19:45:59.369 [JavaFX Application Thread] DEBUG GameApplication      - Starting FXGL
19:45:59.375 [JavaFX Application Thread] INFO  FXGL                 - FXGL-0.5.4 on DESKTOP
19:45:59.375 [JavaFX Application Thread] INFO  FXGL                 - Source code and latest versions at: https://github.com/AlmasB/FXGL
19:45:59.375 [JavaFX Application Thread] INFO  FXGL                 -              Join the FXGL chat at: https://gitter.im/AlmasB/FXGL
19:45:59.376 [JavaFX Application Thread] DEBUG FXGL                 - FXGL started
19:45:59.376 [JavaFX Application Thread] DEBUG FXGL                 - Initializing FXGL
19:45:59.416 [JavaFX Application Thread] DEBUG AssetLoader          - Loading from disk: /assets/ui/cursors/fxgl_default.png
19:45:59.459 [JavaFX Application Thread] DEBUG AssetLoader          - Loading from disk: /assets/ui/fonts/VarelaRound-Regular.ttf
19:45:59.606 [JavaFX Application Thread] DEBUG MainWindow           - Creating a JavaFX scene
19:45:59.657 [JavaFX Application Thread] DEBUG MainWindow           - Target settings size: 1200.0 x 800.0
19:45:59.658 [JavaFX Application Thread] DEBUG MainWindow           - Scaled scene size:    1200.0 x 800.0
19:45:59.658 [JavaFX Application Thread] DEBUG MainWindow           - Scaled ratio: (1.0, 1.0)
19:45:59.660 [JavaFX Application Thread] DEBUG AssetLoader          - Loading from disk: /assets/ui/css/fxgl_dark.css
19:45:59.664 [JavaFX Application Thread] DEBUG AssetLoader          - Loading from disk: /assets/textures/fxgl_icon.png
19:45:59.685 [JavaFX Application Thread] DEBUG MainWindow           - Opening main window
19:45:59.914 [JavaFX Application Thread] DEBUG MainWindow           - Window border size: (6.0, 29.0)
19:45:59.914 [JavaFX Application Thread] DEBUG MainWindow           - Scaled size: 1200.0 x 800.0
19:45:59.914 [JavaFX Application Thread] DEBUG MainWindow           - Scaled ratio: (1.0, 1.0)
19:45:59.915 [JavaFX Application Thread] DEBUG MainWindow           - Scene size: 1200.0 x 800.0
19:45:59.915 [JavaFX Application Thread] DEBUG MainWindow           - Stage size: 1206.0 x 829.0
19:45:59.944 [ForkJoinPool.commonPool-worker-9] DEBUG FS                   - Loaded DesktopFSService
19:45:59.944 [ForkJoinPool.commonPool-worker-9] DEBUG FXGL                 - Loading FXGL system data
19:45:59.949 [ForkJoinPool.commonPool-worker-9] DEBUG DesktopFSService     - Reading from: system\fxgl.bundle
19:45:59.957 [ForkJoinPool.commonPool-worker-9] DEBUG Bundle               - Logging bundle: FXGL
19:45:59.958 [ForkJoinPool.commonPool-worker-9] DEBUG Bundle               - FXGL.offline.timer.version.check=2018-11-07T14:09:51.762
19:45:59.958 [ForkJoinPool.commonPool-worker-9] DEBUG FXGL                 - Initializing state machine and application states
19:45:59.960 [ForkJoinPool.commonPool-worker-9] DEBUG AssetLoader          - Loading from disk: /assets/ui/cursors/fxgl_default.png
19:45:59.965 [ForkJoinPool.commonPool-worker-9] DEBUG AssetLoader          - Loading from disk: /assets/ui/cursors/fxgl_default.png
19:45:59.971 [ForkJoinPool.commonPool-worker-9] DEBUG AssetLoader          - Loading from cache: /assets/ui/fonts/VarelaRound-Regular.ttf
19:45:59.973 [ForkJoinPool.commonPool-worker-9] DEBUG AssetLoader          - Loading from disk: /assets/ui/cursors/fxgl_default.png
19:45:59.976 [ForkJoinPool.commonPool-worker-9] DEBUG GameScene            - Game scene initialized: 1200x800
19:45:59.980 [ForkJoinPool.commonPool-worker-9] DEBUG GameWorld            - Game world initialized
19:46:00.022 [ForkJoinPool.commonPool-worker-9] DEBUG PhysicsWorld         - Physics world initialized: appHeight=800, physics.ppm=50.0
19:46:00.040 [ForkJoinPool.commonPool-worker-9] DEBUG Input                - Registered new binding: Pause - Esc
19:46:00.088 [JavaFX Application Thread] DEBUG FXGL                 - Running preInit()
19:46:00.091 [JavaFX Application Thread] DEBUG Input                - Registered new binding: Screenshot - P
19:46:00.092 [JavaFX Application Thread] DEBUG Input                - Registered new binding: Dev Options - CTRL+0
19:46:00.093 [JavaFX Application Thread] DEBUG Input                - Registered new binding: System info dump - CTRL+9
19:46:00.093 [JavaFX Application Thread] DEBUG Input                - Registered new binding: Restart - CTRL+R
19:46:00.094 [JavaFX Application Thread] DEBUG Input                - Registered new binding: Move Up P1 - Up
19:46:00.094 [JavaFX Application Thread] DEBUG Input                - Registered new binding: Move Down P1 - Down
19:46:00.095 [JavaFX Application Thread] DEBUG Input                - Registered new binding: Move Up P2 - W
19:46:00.095 [JavaFX Application Thread] DEBUG Input                - Registered new binding: Move Down P2 - S
19:46:00.096 [JavaFX Application Thread] INFO  FXGL                 - FXGL initialization took: 0.720 sec
19:46:00.097 [JavaFX Application Thread] DEBUG LoopRunner           - Starting loop
19:46:00.099 [JavaFX Application Thread] DEBUG StartupState         - STARTUP
19:46:00.100 [JavaFX Application Thread] DEBUG GameApplication      - Starting new game
19:46:00.100 [JavaFX Application Thread] DEBUG Input                - Clearing active input actions
19:46:00.102 [JavaFX Application Thread] DEBUG AssetLoader          - Loading from disk: /assets/ui/css/fxgl_dark.css
19:46:00.114 [JavaFX Application Thread] DEBUG AppStateMachine      - StartupState -> LoadingState
19:46:00.122 [FXGL Background Thread 1 ] DEBUG InitAppTask          - Clearing previous game
19:46:00.122 [FXGL Background Thread 1 ] DEBUG GameWorld            - Clearing game world
19:46:00.122 [FXGL Background Thread 1 ] DEBUG PhysicsWorld         - Clearing physics world
19:46:00.123 [FXGL Background Thread 1 ] DEBUG GameScene            - Clearing game scene
19:46:00.125 [FXGL Background Thread 1 ] DEBUG InitAppTask          - Initializing Game
19:46:00.178 [FXGL Background Thread 1 ] DEBUG GameScene            - Creating render group for layer: DEFAULT(100000)
19:46:00.185 [FXGL Background Thread 1 ] DEBUG InitAppTask          - Initializing Physics
19:46:00.186 [FXGL Background Thread 1 ] DEBUG InitAppTask          - Initializing UI
19:46:00.188 [FXGL Background Thread 1 ] DEBUG InitAppTask          - Initialization Complete
19:46:00.188 [FXGL Background Thread 1 ] INFO  InitAppTask          - Game initialization took: 0.066 sec
19:46:00.197 [JavaFX Application Thread] DEBUG Input                - Clearing active input actions
19:46:00.197 [JavaFX Application Thread] DEBUG AssetLoader          - Loading from disk: /assets/ui/css/fxgl_dark.css
19:46:00.205 [JavaFX Application Thread] DEBUG AppStateMachine      - LoadingState -> PlayState
19:46:28.762 [JavaFX Application Thread] DEBUG FXGL                 - Exiting FXGL
19:46:28.762 [JavaFX Application Thread] DEBUG FXGL                 - Shutting down background threads
19:46:28.763 [JavaFX Application Thread] DEBUG FXGL                 - Saving FXGL system data
19:46:28.765 [JavaFX Application Thread] DEBUG DesktopFSService     - Writing to: system\fxgl.bundle
19:46:28.769 [JavaFX Application Thread] DEBUG FXGL                 - Closing logger and exiting JavaFX
