19:57:44.916 [JavaFX Application Thread] DEBUG GameApplication      - Logger initialized
19:57:44.926 [JavaFX Application Thread] DEBUG GameApplication      - Logging settings
Title: Pong
Version: 0.5
Width: 1200
Height: 800
Fullscreen: true
Intro: false
Menus: false
Profiling: false
Single step:false
App Mode: DEVELOPER
Menu Key: ESCAPE
Stage Style: DECORATED
Scene Factory: class com.almasb.fxgl.scene.SceneFactory
Dialog Factory: class com.almasb.fxgl.ui.FXGLDialogFactory
UI Factory: class com.almasb.fxgl.ui.FXGLUIFactory
Notification Service: class com.almasb.fxgl.gameplay.notification.XboxNotificationView
Exception Handler: class com.almasb.fxgl.app.FXGLExceptionHandler
19:57:44.927 [JavaFX Application Thread] DEBUG GameApplication      - Starting FXGL
19:57:44.934 [JavaFX Application Thread] INFO  FXGL                 - FXGL-0.5.4 on DESKTOP
19:57:44.935 [JavaFX Application Thread] INFO  FXGL                 - Source code and latest versions at: https://github.com/AlmasB/FXGL
19:57:44.935 [JavaFX Application Thread] INFO  FXGL                 -              Join the FXGL chat at: https://gitter.im/AlmasB/FXGL
19:57:44.936 [JavaFX Application Thread] DEBUG FXGL                 - FXGL started
19:57:44.936 [JavaFX Application Thread] DEBUG FXGL                 - Initializing FXGL
19:57:44.979 [JavaFX Application Thread] DEBUG AssetLoader          - Loading from disk: /assets/ui/cursors/fxgl_default.png
19:57:45.021 [JavaFX Application Thread] DEBUG AssetLoader          - Loading from disk: /assets/ui/fonts/VarelaRound-Regular.ttf
19:57:45.182 [JavaFX Application Thread] DEBUG MainWindow           - Creating a JavaFX scene
19:57:45.242 [JavaFX Application Thread] DEBUG MainWindow           - Target settings size: 1200.0 x 800.0
19:57:45.242 [JavaFX Application Thread] DEBUG MainWindow           - Scaled scene size:    1200.0 x 800.0
19:57:45.242 [JavaFX Application Thread] DEBUG MainWindow           - Scaled ratio: (1.0, 1.0)
19:57:45.245 [JavaFX Application Thread] DEBUG AssetLoader          - Loading from disk: /assets/ui/css/fxgl_dark.css
19:57:45.248 [JavaFX Application Thread] DEBUG AssetLoader          - Loading from disk: /assets/textures/fxgl_icon.png
19:57:45.270 [JavaFX Application Thread] DEBUG MainWindow           - Opening main window
19:57:45.496 [JavaFX Application Thread] DEBUG MainWindow           - Window border size: (6.0, 29.0)
19:57:45.496 [JavaFX Application Thread] DEBUG MainWindow           - Scaled size: 1200.0 x 800.0
19:57:45.497 [JavaFX Application Thread] DEBUG MainWindow           - Scaled ratio: (1.0, 1.0)
19:57:45.497 [JavaFX Application Thread] DEBUG MainWindow           - Scene size: 1200.0 x 800.0
19:57:45.498 [JavaFX Application Thread] DEBUG MainWindow           - Stage size: 1206.0 x 829.0
19:57:45.528 [ForkJoinPool.commonPool-worker-9] DEBUG FS                   - Loaded DesktopFSService
19:57:45.528 [ForkJoinPool.commonPool-worker-9] DEBUG FXGL                 - Loading FXGL system data
19:57:45.533 [ForkJoinPool.commonPool-worker-9] DEBUG DesktopFSService     - Reading from: system\fxgl.bundle
19:57:45.542 [ForkJoinPool.commonPool-worker-9] DEBUG Bundle               - Logging bundle: FXGL
19:57:45.542 [ForkJoinPool.commonPool-worker-9] DEBUG Bundle               - FXGL.offline.timer.version.check=2018-11-07T14:09:51.762
19:57:45.543 [ForkJoinPool.commonPool-worker-9] DEBUG FXGL                 - Initializing state machine and application states
19:57:45.545 [ForkJoinPool.commonPool-worker-9] DEBUG AssetLoader          - Loading from disk: /assets/ui/cursors/fxgl_default.png
19:57:45.549 [ForkJoinPool.commonPool-worker-9] DEBUG AssetLoader          - Loading from disk: /assets/ui/cursors/fxgl_default.png
19:57:45.555 [ForkJoinPool.commonPool-worker-9] DEBUG AssetLoader          - Loading from cache: /assets/ui/fonts/VarelaRound-Regular.ttf
19:57:45.557 [ForkJoinPool.commonPool-worker-9] DEBUG AssetLoader          - Loading from disk: /assets/ui/cursors/fxgl_default.png
19:57:45.560 [ForkJoinPool.commonPool-worker-9] DEBUG GameScene            - Game scene initialized: 1200x800
19:57:45.564 [ForkJoinPool.commonPool-worker-9] DEBUG GameWorld            - Game world initialized
19:57:45.604 [ForkJoinPool.commonPool-worker-9] DEBUG PhysicsWorld         - Physics world initialized: appHeight=800, physics.ppm=50.0
19:57:45.622 [ForkJoinPool.commonPool-worker-9] DEBUG Input                - Registered new binding: Pause - Esc
19:57:45.668 [JavaFX Application Thread] DEBUG FXGL                 - Running preInit()
19:57:45.669 [JavaFX Application Thread] DEBUG Input                - Registered new binding: Screenshot - P
19:57:45.669 [JavaFX Application Thread] DEBUG Input                - Registered new binding: Dev Options - CTRL+0
19:57:45.670 [JavaFX Application Thread] DEBUG Input                - Registered new binding: System info dump - CTRL+9
19:57:45.670 [JavaFX Application Thread] DEBUG Input                - Registered new binding: Restart - CTRL+R
19:57:45.670 [JavaFX Application Thread] DEBUG Input                - Registered new binding: Move Up P1 - Up
19:57:45.670 [JavaFX Application Thread] DEBUG Input                - Registered new binding: Move Down P1 - Down
19:57:45.671 [JavaFX Application Thread] INFO  FXGL                 - FXGL initialization took: 0.734 sec
19:57:45.671 [JavaFX Application Thread] DEBUG LoopRunner           - Starting loop
19:57:45.672 [JavaFX Application Thread] DEBUG StartupState         - STARTUP
19:57:45.672 [JavaFX Application Thread] DEBUG GameApplication      - Starting new game
19:57:45.673 [JavaFX Application Thread] DEBUG Input                - Clearing active input actions
19:57:45.673 [JavaFX Application Thread] DEBUG AssetLoader          - Loading from disk: /assets/ui/css/fxgl_dark.css
19:57:45.680 [JavaFX Application Thread] DEBUG AppStateMachine      - StartupState -> LoadingState
19:57:45.685 [FXGL Background Thread 1 ] DEBUG InitAppTask          - Clearing previous game
19:57:45.685 [FXGL Background Thread 1 ] DEBUG GameWorld            - Clearing game world
19:57:45.686 [FXGL Background Thread 1 ] DEBUG PhysicsWorld         - Clearing physics world
19:57:45.686 [FXGL Background Thread 1 ] DEBUG GameScene            - Clearing game scene
19:57:45.687 [FXGL Background Thread 1 ] DEBUG InitAppTask          - Initializing Game
19:57:45.716 [FXGL Background Thread 1 ] DEBUG GameScene            - Creating render group for layer: DEFAULT(100000)
19:57:45.724 [FXGL Background Thread 1 ] DEBUG InitAppTask          - Initializing Physics
19:57:45.724 [FXGL Background Thread 1 ] DEBUG InitAppTask          - Initializing UI
19:57:45.726 [FXGL Background Thread 1 ] DEBUG InitAppTask          - Initialization Complete
19:57:45.726 [FXGL Background Thread 1 ] INFO  InitAppTask          - Game initialization took: 0.041 sec
19:57:45.748 [JavaFX Application Thread] DEBUG Input                - Clearing active input actions
19:57:45.748 [JavaFX Application Thread] DEBUG AssetLoader          - Loading from disk: /assets/ui/css/fxgl_dark.css
19:57:45.756 [JavaFX Application Thread] DEBUG AppStateMachine      - LoadingState -> PlayState
19:57:56.212 [JavaFX Application Thread] DEBUG FXGL                 - Exiting FXGL
19:57:56.213 [JavaFX Application Thread] DEBUG FXGL                 - Shutting down background threads
19:57:56.213 [JavaFX Application Thread] DEBUG FXGL                 - Saving FXGL system data
19:57:56.216 [JavaFX Application Thread] DEBUG DesktopFSService     - Writing to: system\fxgl.bundle
19:57:56.219 [JavaFX Application Thread] DEBUG FXGL                 - Closing logger and exiting JavaFX
