18:54:38.750 [JavaFX Application Thread] DEBUG GameApplication      - Logger initialized
18:54:38.760 [JavaFX Application Thread] DEBUG GameApplication      - Logging settings
Title: Pong
Version: 0.4
Width: 1200
Height: 800
Fullscreen: true
Intro: false
Menus: false
Profiling: false
Single step:false
App Mode: DEVELOPER
Menu Key: ESCAPE
Stage Style: DECORATED
Scene Factory: class com.almasb.fxgl.scene.SceneFactory
Dialog Factory: class com.almasb.fxgl.ui.FXGLDialogFactory
UI Factory: class com.almasb.fxgl.ui.FXGLUIFactory
Notification Service: class com.almasb.fxgl.gameplay.notification.XboxNotificationView
Exception Handler: class com.almasb.fxgl.app.FXGLExceptionHandler
18:54:38.761 [JavaFX Application Thread] DEBUG GameApplication      - Starting FXGL
18:54:38.766 [JavaFX Application Thread] INFO  FXGL                 - FXGL-0.5.4 on DESKTOP
18:54:38.767 [JavaFX Application Thread] INFO  FXGL                 - Source code and latest versions at: https://github.com/AlmasB/FXGL
18:54:38.767 [JavaFX Application Thread] INFO  FXGL                 -              Join the FXGL chat at: https://gitter.im/AlmasB/FXGL
18:54:38.767 [JavaFX Application Thread] DEBUG FXGL                 - FXGL started
18:54:38.767 [JavaFX Application Thread] DEBUG FXGL                 - Initializing FXGL
18:54:38.809 [JavaFX Application Thread] DEBUG AssetLoader          - Loading from disk: /assets/ui/cursors/fxgl_default.png
18:54:38.849 [JavaFX Application Thread] DEBUG AssetLoader          - Loading from disk: /assets/ui/fonts/VarelaRound-Regular.ttf
18:54:38.962 [JavaFX Application Thread] DEBUG MainWindow           - Creating a JavaFX scene
18:54:38.995 [JavaFX Application Thread] DEBUG MainWindow           - Target settings size: 1200.0 x 800.0
18:54:38.995 [JavaFX Application Thread] DEBUG MainWindow           - Scaled scene size:    1200.0 x 800.0
18:54:38.995 [JavaFX Application Thread] DEBUG MainWindow           - Scaled ratio: (1.0, 1.0)
18:54:38.998 [JavaFX Application Thread] DEBUG AssetLoader          - Loading from disk: /assets/ui/css/fxgl_dark.css
18:54:39.001 [JavaFX Application Thread] DEBUG AssetLoader          - Loading from disk: /assets/textures/fxgl_icon.png
18:54:39.023 [JavaFX Application Thread] DEBUG MainWindow           - Opening main window
18:54:39.209 [JavaFX Application Thread] DEBUG MainWindow           - Window border size: (6.0, 29.0)
18:54:39.210 [JavaFX Application Thread] DEBUG MainWindow           - Scaled size: 1200.0 x 800.0
18:54:39.210 [JavaFX Application Thread] DEBUG MainWindow           - Scaled ratio: (1.0, 1.0)
18:54:39.210 [JavaFX Application Thread] DEBUG MainWindow           - Scene size: 1200.0 x 800.0
18:54:39.210 [JavaFX Application Thread] DEBUG MainWindow           - Stage size: 1206.0 x 829.0
18:54:39.238 [ForkJoinPool.commonPool-worker-9] DEBUG FS                   - Loaded DesktopFSService
18:54:39.238 [ForkJoinPool.commonPool-worker-9] DEBUG FXGL                 - Loading FXGL system data
18:54:39.248 [ForkJoinPool.commonPool-worker-9] DEBUG DesktopFSService     - Reading from: system\fxgl.bundle
18:54:39.266 [ForkJoinPool.commonPool-worker-9] DEBUG Bundle               - Logging bundle: FXGL
18:54:39.268 [ForkJoinPool.commonPool-worker-9] DEBUG Bundle               - FXGL.offline.timer.version.check=2018-11-07T14:09:51.762
18:54:39.269 [ForkJoinPool.commonPool-worker-9] DEBUG FXGL                 - Initializing state machine and application states
18:54:39.271 [ForkJoinPool.commonPool-worker-9] DEBUG AssetLoader          - Loading from disk: /assets/ui/cursors/fxgl_default.png
18:54:39.275 [ForkJoinPool.commonPool-worker-9] DEBUG AssetLoader          - Loading from disk: /assets/ui/cursors/fxgl_default.png
18:54:39.280 [ForkJoinPool.commonPool-worker-9] DEBUG AssetLoader          - Loading from cache: /assets/ui/fonts/VarelaRound-Regular.ttf
18:54:39.283 [ForkJoinPool.commonPool-worker-9] DEBUG AssetLoader          - Loading from disk: /assets/ui/cursors/fxgl_default.png
18:54:39.285 [ForkJoinPool.commonPool-worker-9] DEBUG GameScene            - Game scene initialized: 1200x800
18:54:39.290 [ForkJoinPool.commonPool-worker-9] DEBUG GameWorld            - Game world initialized
18:54:39.329 [ForkJoinPool.commonPool-worker-9] DEBUG PhysicsWorld         - Physics world initialized: appHeight=800, physics.ppm=50.0
18:54:39.348 [ForkJoinPool.commonPool-worker-9] DEBUG Input                - Registered new binding: Pause - Esc
18:54:39.382 [JavaFX Application Thread] DEBUG FXGL                 - Running preInit()
18:54:39.383 [JavaFX Application Thread] DEBUG Input                - Registered new binding: Screenshot - P
18:54:39.384 [JavaFX Application Thread] DEBUG Input                - Registered new binding: Dev Options - CTRL+0
18:54:39.384 [JavaFX Application Thread] DEBUG Input                - Registered new binding: System info dump - CTRL+9
18:54:39.384 [JavaFX Application Thread] DEBUG Input                - Registered new binding: Restart - CTRL+R
18:54:39.384 [JavaFX Application Thread] DEBUG Input                - Registered new binding: Move Up - Up
18:54:39.385 [JavaFX Application Thread] DEBUG Input                - Registered new binding: Move Down - Down
18:54:39.385 [JavaFX Application Thread] INFO  FXGL                 - FXGL initialization took: 0.618 sec
18:54:39.385 [JavaFX Application Thread] DEBUG LoopRunner           - Starting loop
18:54:39.387 [JavaFX Application Thread] DEBUG StartupState         - STARTUP
18:54:39.387 [JavaFX Application Thread] DEBUG GameApplication      - Starting new game
18:54:39.387 [JavaFX Application Thread] DEBUG Input                - Clearing active input actions
18:54:39.388 [JavaFX Application Thread] DEBUG AssetLoader          - Loading from disk: /assets/ui/css/fxgl_dark.css
18:54:39.394 [JavaFX Application Thread] DEBUG AppStateMachine      - StartupState -> LoadingState
18:54:39.399 [FXGL Background Thread 1 ] DEBUG InitAppTask          - Clearing previous game
18:54:39.399 [FXGL Background Thread 1 ] DEBUG GameWorld            - Clearing game world
18:54:39.399 [FXGL Background Thread 1 ] DEBUG PhysicsWorld         - Clearing physics world
18:54:39.399 [FXGL Background Thread 1 ] DEBUG GameScene            - Clearing game scene
18:54:39.400 [FXGL Background Thread 1 ] DEBUG InitAppTask          - Initializing Game
18:54:39.430 [FXGL Background Thread 1 ] DEBUG GameScene            - Creating render group for layer: DEFAULT(100000)
18:54:39.437 [FXGL Background Thread 1 ] DEBUG InitAppTask          - Initializing Physics
18:54:39.438 [FXGL Background Thread 1 ] DEBUG InitAppTask          - Initializing UI
18:54:39.439 [FXGL Background Thread 1 ] DEBUG InitAppTask          - Initialization Complete
18:54:39.440 [FXGL Background Thread 1 ] INFO  InitAppTask          - Game initialization took: 0.041 sec
18:54:39.445 [JavaFX Application Thread] DEBUG Input                - Clearing active input actions
18:54:39.445 [JavaFX Application Thread] DEBUG AssetLoader          - Loading from disk: /assets/ui/css/fxgl_dark.css
18:54:39.452 [JavaFX Application Thread] DEBUG AppStateMachine      - LoadingState -> PlayState
18:54:40.901 [JavaFX Application Thread] DEBUG FXGL                 - Exiting FXGL
18:54:40.901 [JavaFX Application Thread] DEBUG FXGL                 - Shutting down background threads
18:54:40.902 [JavaFX Application Thread] DEBUG FXGL                 - Saving FXGL system data
18:54:40.904 [JavaFX Application Thread] DEBUG DesktopFSService     - Writing to: system\fxgl.bundle
18:54:40.939 [JavaFX Application Thread] DEBUG FXGL                 - Closing logger and exiting JavaFX
