18:54:11.597 [JavaFX Application Thread] DEBUG GameApplication      - Logger initialized
18:54:11.608 [JavaFX Application Thread] DEBUG GameApplication      - Logging settings
Title: Pong
Version: 0.4
Width: 1200
Height: 800
Fullscreen: true
Intro: false
Menus: false
Profiling: false
Single step:false
App Mode: DEVELOPER
Menu Key: ESCAPE
Stage Style: DECORATED
Scene Factory: class com.almasb.fxgl.scene.SceneFactory
Dialog Factory: class com.almasb.fxgl.ui.FXGLDialogFactory
UI Factory: class com.almasb.fxgl.ui.FXGLUIFactory
Notification Service: class com.almasb.fxgl.gameplay.notification.XboxNotificationView
Exception Handler: class com.almasb.fxgl.app.FXGLExceptionHandler
18:54:11.608 [JavaFX Application Thread] DEBUG GameApplication      - Starting FXGL
18:54:11.614 [JavaFX Application Thread] INFO  FXGL                 - FXGL-0.5.4 on DESKTOP
18:54:11.615 [JavaFX Application Thread] INFO  FXGL                 - Source code and latest versions at: https://github.com/AlmasB/FXGL
18:54:11.615 [JavaFX Application Thread] INFO  FXGL                 -              Join the FXGL chat at: https://gitter.im/AlmasB/FXGL
18:54:11.615 [JavaFX Application Thread] DEBUG FXGL                 - FXGL started
18:54:11.615 [JavaFX Application Thread] DEBUG FXGL                 - Initializing FXGL
18:54:11.658 [JavaFX Application Thread] DEBUG AssetLoader          - Loading from disk: /assets/ui/cursors/fxgl_default.png
18:54:11.701 [JavaFX Application Thread] DEBUG AssetLoader          - Loading from disk: /assets/ui/fonts/VarelaRound-Regular.ttf
18:54:11.809 [JavaFX Application Thread] DEBUG MainWindow           - Creating a JavaFX scene
18:54:11.842 [JavaFX Application Thread] DEBUG MainWindow           - Target settings size: 1200.0 x 800.0
18:54:11.843 [JavaFX Application Thread] DEBUG MainWindow           - Scaled scene size:    1200.0 x 800.0
18:54:11.843 [JavaFX Application Thread] DEBUG MainWindow           - Scaled ratio: (1.0, 1.0)
18:54:11.845 [JavaFX Application Thread] DEBUG AssetLoader          - Loading from disk: /assets/ui/css/fxgl_dark.css
18:54:11.849 [JavaFX Application Thread] DEBUG AssetLoader          - Loading from disk: /assets/textures/fxgl_icon.png
18:54:11.870 [JavaFX Application Thread] DEBUG MainWindow           - Opening main window
18:54:12.037 [JavaFX Application Thread] DEBUG MainWindow           - Window border size: (6.0, 29.0)
18:54:12.037 [JavaFX Application Thread] DEBUG MainWindow           - Scaled size: 1200.0 x 800.0
18:54:12.038 [JavaFX Application Thread] DEBUG MainWindow           - Scaled ratio: (1.0, 1.0)
18:54:12.038 [JavaFX Application Thread] DEBUG MainWindow           - Scene size: 1200.0 x 800.0
18:54:12.038 [JavaFX Application Thread] DEBUG MainWindow           - Stage size: 1206.0 x 829.0
18:54:12.069 [ForkJoinPool.commonPool-worker-9] DEBUG FS                   - Loaded DesktopFSService
18:54:12.070 [ForkJoinPool.commonPool-worker-9] DEBUG FXGL                 - Loading FXGL system data
18:54:12.078 [ForkJoinPool.commonPool-worker-9] DEBUG DesktopFSService     - Reading from: system\fxgl.bundle
18:54:12.086 [ForkJoinPool.commonPool-worker-9] DEBUG Bundle               - Logging bundle: FXGL
18:54:12.087 [ForkJoinPool.commonPool-worker-9] DEBUG Bundle               - FXGL.offline.timer.version.check=2018-11-07T14:09:51.762
18:54:12.088 [ForkJoinPool.commonPool-worker-9] DEBUG FXGL                 - Initializing state machine and application states
18:54:12.090 [ForkJoinPool.commonPool-worker-9] DEBUG AssetLoader          - Loading from disk: /assets/ui/cursors/fxgl_default.png
18:54:12.094 [ForkJoinPool.commonPool-worker-9] DEBUG AssetLoader          - Loading from disk: /assets/ui/cursors/fxgl_default.png
18:54:12.103 [ForkJoinPool.commonPool-worker-9] DEBUG AssetLoader          - Loading from cache: /assets/ui/fonts/VarelaRound-Regular.ttf
18:54:12.106 [ForkJoinPool.commonPool-worker-9] DEBUG AssetLoader          - Loading from disk: /assets/ui/cursors/fxgl_default.png
18:54:12.108 [ForkJoinPool.commonPool-worker-9] DEBUG GameScene            - Game scene initialized: 1200x800
18:54:12.113 [ForkJoinPool.commonPool-worker-9] DEBUG GameWorld            - Game world initialized
18:54:12.153 [ForkJoinPool.commonPool-worker-9] DEBUG PhysicsWorld         - Physics world initialized: appHeight=800, physics.ppm=50.0
18:54:12.172 [ForkJoinPool.commonPool-worker-9] DEBUG Input                - Registered new binding: Pause - Esc
18:54:12.207 [JavaFX Application Thread] DEBUG FXGL                 - Running preInit()
18:54:12.209 [JavaFX Application Thread] DEBUG Input                - Registered new binding: Screenshot - P
18:54:12.209 [JavaFX Application Thread] DEBUG Input                - Registered new binding: Dev Options - CTRL+0
18:54:12.209 [JavaFX Application Thread] DEBUG Input                - Registered new binding: System info dump - CTRL+9
18:54:12.210 [JavaFX Application Thread] DEBUG Input                - Registered new binding: Restart - CTRL+R
18:54:12.210 [JavaFX Application Thread] DEBUG Input                - Registered new binding: Move Up - Up
18:54:12.210 [JavaFX Application Thread] DEBUG Input                - Registered new binding: Move Down - Down
18:54:12.211 [JavaFX Application Thread] INFO  FXGL                 - FXGL initialization took: 0.596 sec
18:54:12.211 [JavaFX Application Thread] DEBUG LoopRunner           - Starting loop
18:54:12.215 [JavaFX Application Thread] DEBUG StartupState         - STARTUP
18:54:12.216 [JavaFX Application Thread] DEBUG GameApplication      - Starting new game
18:54:12.216 [JavaFX Application Thread] DEBUG Input                - Clearing active input actions
18:54:12.217 [JavaFX Application Thread] DEBUG AssetLoader          - Loading from disk: /assets/ui/css/fxgl_dark.css
18:54:12.223 [JavaFX Application Thread] DEBUG AppStateMachine      - StartupState -> LoadingState
18:54:12.228 [FXGL Background Thread 1 ] DEBUG InitAppTask          - Clearing previous game
18:54:12.228 [FXGL Background Thread 1 ] DEBUG GameWorld            - Clearing game world
18:54:12.228 [FXGL Background Thread 1 ] DEBUG PhysicsWorld         - Clearing physics world
18:54:12.228 [FXGL Background Thread 1 ] DEBUG GameScene            - Clearing game scene
18:54:12.229 [FXGL Background Thread 1 ] DEBUG InitAppTask          - Initializing Game
18:54:12.258 [FXGL Background Thread 1 ] DEBUG GameScene            - Creating render group for layer: DEFAULT(100000)
18:54:12.266 [FXGL Background Thread 1 ] DEBUG InitAppTask          - Initializing Physics
18:54:12.266 [FXGL Background Thread 1 ] DEBUG InitAppTask          - Initializing UI
18:54:12.268 [FXGL Background Thread 1 ] DEBUG InitAppTask          - Initialization Complete
18:54:12.268 [FXGL Background Thread 1 ] INFO  InitAppTask          - Game initialization took: 0.040 sec
18:54:12.279 [JavaFX Application Thread] DEBUG Input                - Clearing active input actions
18:54:12.279 [JavaFX Application Thread] DEBUG AssetLoader          - Loading from disk: /assets/ui/css/fxgl_dark.css
18:54:12.287 [JavaFX Application Thread] DEBUG AppStateMachine      - LoadingState -> PlayState
18:54:14.009 [JavaFX Application Thread] DEBUG FXGL                 - Exiting FXGL
18:54:14.009 [JavaFX Application Thread] DEBUG FXGL                 - Shutting down background threads
18:54:14.010 [JavaFX Application Thread] DEBUG FXGL                 - Saving FXGL system data
18:54:14.012 [JavaFX Application Thread] DEBUG DesktopFSService     - Writing to: system\fxgl.bundle
18:54:14.048 [JavaFX Application Thread] DEBUG FXGL                 - Closing logger and exiting JavaFX
